[INFO] alice came online
[INFO] alice came online
[INFO] bob came online
[INFO] alice came online
[INFO] bob came online
[INFO] thermo came online
[INFO] thermo came online
[INFO] actuatorrr came online
[INFO] hub came online
[INFO] actuatorrr came online
[INFO] actuatorrr came online
[INFO] hub came online
[INFO] thermo came online
[INFO] actuatorrr came online
[INFO] hub came online
[INFO] hub came online
[INFO] thermo came online
[INFO] Kurz came online
[INFO] hub came online
[INFO] thermo came online
[INFO] einsteller came online
[INFO] hub came online
[INFO] thermo came online
[INFO] einsteller came online
[INFO] hub came online
[INFO] thermo came online
[INFO] einsteller came online
[INFO] hub came online
[INFO] thermo came online
[INFO] einsteller came online
[INFO] hub came online
[INFO] thermo came online
[INFO] act came online
